\BOOKMARK [1][-]{section.1}{Introduction}{}% 1
\BOOKMARK [2][-]{subsection.1.1}{Purpose}{section.1}% 2
\BOOKMARK [2][-]{subsection.1.2}{Scope}{section.1}% 3
\BOOKMARK [2][-]{subsection.1.3}{Definitions, Acronyms, Abbreviations}{section.1}% 4
\BOOKMARK [3][-]{subsubsection.1.3.1}{Definitions}{subsection.1.3}% 5
\BOOKMARK [3][-]{subsubsection.1.3.2}{Acronyms}{subsection.1.3}% 6
\BOOKMARK [3][-]{subsubsection.1.3.3}{Abbreviations}{subsection.1.3}% 7
\BOOKMARK [2][-]{subsection.1.4}{Revision History}{section.1}% 8
\BOOKMARK [2][-]{subsection.1.5}{Document Structure}{section.1}% 9
\BOOKMARK [1][-]{section.2}{Architectural Design}{}% 10
\BOOKMARK [2][-]{subsection.2.1}{Overview}{section.2}% 11
\BOOKMARK [2][-]{subsection.2.2}{High Level Components}{section.2}% 12
\BOOKMARK [2][-]{subsection.2.3}{Component view}{section.2}% 13
\BOOKMARK [2][-]{subsection.2.4}{Deployment View}{section.2}% 14
\BOOKMARK [2][-]{subsection.2.5}{Runtime View}{section.2}% 15
\BOOKMARK [2][-]{subsection.2.6}{Component Interfaces}{section.2}% 16
\BOOKMARK [2][-]{subsection.2.7}{Selected architectural styles and patterns}{section.2}% 17
\BOOKMARK [2][-]{subsection.2.8}{Other Design Decisions}{section.2}% 18
\BOOKMARK [2][-]{subsection.2.9}{Algorithms}{section.2}% 19
\BOOKMARK [1][-]{section.3}{User Interface Design}{}% 20
\BOOKMARK [1][-]{section.4}{Requirements Traceability}{}% 21
\BOOKMARK [1][-]{section.5}{Implementation, Integration and Test Plan}{}% 22
\BOOKMARK [1][-]{section.6}{Effort Spent}{}% 23
\BOOKMARK [1][-]{section.7}{Reference Documents}{}% 24
