\BOOKMARK [1][-]{section.1}{Introduction}{}% 1
\BOOKMARK [2][-]{subsection.1.1}{Purpose}{section.1}% 2
\BOOKMARK [2][-]{subsection.1.2}{Scope}{section.1}% 3
\BOOKMARK [3][-]{subsubsection.1.2.1}{Description of the given problem}{subsection.1.2}% 4
\BOOKMARK [3][-]{subsubsection.1.2.2}{World Phenomena}{subsection.1.2}% 5
\BOOKMARK [3][-]{subsubsection.1.2.3}{Shared Phenomena}{subsection.1.2}% 6
\BOOKMARK [3][-]{subsubsection.1.2.4}{Goals}{subsection.1.2}% 7
\BOOKMARK [2][-]{subsection.1.3}{Definitions, Acronyms, Abbreviations}{section.1}% 8
\BOOKMARK [3][-]{subsubsection.1.3.1}{Definitions}{subsection.1.3}% 9
\BOOKMARK [3][-]{subsubsection.1.3.2}{Acronyms}{subsection.1.3}% 10
\BOOKMARK [3][-]{subsubsection.1.3.3}{Abbreviations}{subsection.1.3}% 11
\BOOKMARK [2][-]{subsection.1.4}{Overview}{section.1}% 12
\BOOKMARK [1][-]{section.2}{Overall Description}{}% 13
\BOOKMARK [2][-]{subsection.2.1}{Product Perspective}{section.2}% 14
\BOOKMARK [3][-]{subsubsection.2.1.1}{Class diagram}{subsection.2.1}% 15
\BOOKMARK [3][-]{subsubsection.2.1.2}{Statechart diagrams}{subsection.2.1}% 16
\BOOKMARK [2][-]{subsection.2.2}{Product Functions}{section.2}% 17
\BOOKMARK [3][-]{subsubsection.2.2.1}{Line up}{subsection.2.2}% 18
\BOOKMARK [3][-]{subsubsection.2.2.2}{Book a visit}{subsection.2.2}% 19
\BOOKMARK [3][-]{subsubsection.2.2.3}{Manage lines}{subsection.2.2}% 20
\BOOKMARK [3][-]{subsubsection.2.2.4}{Keep track of accesses}{subsection.2.2}% 21
\BOOKMARK [2][-]{subsection.2.3}{User Characteristics}{section.2}% 22
\BOOKMARK [2][-]{subsection.2.4}{Assumptions and Dependancies}{section.2}% 23
\BOOKMARK [3][-]{subsubsection.2.4.1}{Domain assumptions}{subsection.2.4}% 24
\BOOKMARK [1][-]{section.3}{Specific Requirements}{}% 25
\BOOKMARK [2][-]{subsection.3.1}{External Interface Requirements}{section.3}% 26
\BOOKMARK [3][-]{subsubsection.3.1.1}{User Interfaces}{subsection.3.1}% 27
\BOOKMARK [3][-]{subsubsection.3.1.2}{Hardware Interfaces}{subsection.3.1}% 28
\BOOKMARK [3][-]{subsubsection.3.1.3}{Software Interfaces}{subsection.3.1}% 29
\BOOKMARK [2][-]{subsection.3.2}{Functional Requirements}{section.3}% 30
\BOOKMARK [3][-]{subsubsection.3.2.1}{List of Requirements}{subsection.3.2}% 31
\BOOKMARK [3][-]{subsubsection.3.2.2}{Mapping}{subsection.3.2}% 32
\BOOKMARK [3][-]{subsubsection.3.2.3}{Scenarios}{subsection.3.2}% 33
\BOOKMARK [3][-]{subsubsection.3.2.4}{Use Cases Diagram}{subsection.3.2}% 34
\BOOKMARK [3][-]{subsubsection.3.2.5}{Use Cases}{subsection.3.2}% 35
\BOOKMARK [3][-]{subsubsection.3.2.6}{Sequence Diagrams}{subsection.3.2}% 36
\BOOKMARK [2][-]{subsection.3.3}{Performance Requirements - Non-functional Requirements}{section.3}% 37
\BOOKMARK [2][-]{subsection.3.4}{Design Constraints - Non-functional Requirements}{section.3}% 38
\BOOKMARK [3][-]{subsubsection.3.4.1}{Hardware limitations}{subsection.3.4}% 39
\BOOKMARK [3][-]{subsubsection.3.4.2}{Any other constraints}{subsection.3.4}% 40
\BOOKMARK [2][-]{subsection.3.5}{Software System Attributes - Non-functional Requirements}{section.3}% 41
\BOOKMARK [3][-]{subsubsection.3.5.1}{Reliability and Availability}{subsection.3.5}% 42
\BOOKMARK [3][-]{subsubsection.3.5.2}{Security}{subsection.3.5}% 43
\BOOKMARK [3][-]{subsubsection.3.5.3}{Maintainability}{subsection.3.5}% 44
\BOOKMARK [3][-]{subsubsection.3.5.4}{Scalability}{subsection.3.5}% 45
\BOOKMARK [3][-]{subsubsection.3.5.5}{Compatibility}{subsection.3.5}% 46
\BOOKMARK [1][-]{section.4}{Formal Analysis Using Alloy}{}% 47
\BOOKMARK [1][-]{section.5}{Effort Spent}{}% 48
\BOOKMARK [1][-]{section.6}{Reference Documents}{}% 49
