This is pdfTeX, Version 3.14159265-2.6-1.40.21 (TeX Live 2020) (preloaded format=pdflatex 2020.11.16)  13 DEC 2020 13:19
entering extended mode
 restricted \write18 enabled.
 file:line:error style messages enabled.
 %&-line parsing enabled.
**RASD.tex
(./RASD.tex
LaTeX2e <2020-02-02> patch level 5
L3 programming layer <2020-03-06>
   defining Unicode char U+2028 (decimal 8232)

(/usr/local/texlive/2020/texmf-dist/tex/latex/base/article.cls
Document Class: article 2019/12/20 v1.4l Standard LaTeX document class
(/usr/local/texlive/2020/texmf-dist/tex/latex/base/size10.clo
File: size10.clo 2019/12/20 v1.4l Standard LaTeX file (size option)
)
\c@part=\count167
\c@section=\count168
\c@subsection=\count169
\c@subsubsection=\count170
\c@paragraph=\count171
\c@subparagraph=\count172
\c@figure=\count173
\c@table=\count174
\abovecaptionskip=\skip47
\belowcaptionskip=\skip48
\bibindent=\dimen134
)
(/usr/local/texlive/2020/texmf-dist/tex/latex/blindtext/blindtext.sty
Package: blindtext 2012/01/06 V2.0 blindtext-Package

(/usr/local/texlive/2020/texmf-dist/tex/latex/tools/xspace.sty
Package: xspace 2014/10/28 v1.13 Space after command names (DPC,MH)
)
\c@blindtext=\count175
\c@Blindtext=\count176
\c@blind@countparstart=\count177
\blind@countxx=\count178
\blindtext@numBlindtext=\count179
\blind@countyy=\count180
\c@blindlist=\count181
\c@blindlistlevel=\count182
\c@blindlist@level=\count183
\blind@listitem=\count184
\c@blind@listcount=\count185
\c@blind@levelcount=\count186
\blind@mathformula=\count187
\blind@Mathformula=\count188
\c@blind@randomcount=\count189
\c@blind@randommax=\count190
\c@blind@pangramcount=\count191
\c@blind@pangrammax=\count192
)
(/usr/local/texlive/2020/texmf-dist/tex/latex/placeins/placeins.sty
Package: placeins 2005/04/18  v 2.2
)
(/usr/local/texlive/2020/texmf-dist/tex/latex/base/fontenc.sty
Package: fontenc 2020/02/11 v2.0o Standard LaTeX package
)
(/usr/local/texlive/2020/texmf-dist/tex/latex/base/inputenc.sty
Package: inputenc 2018/08/11 v1.3c Input encoding file
\inpenc@prehook=\toks15
\inpenc@posthook=\toks16
)
(/usr/local/texlive/2020/texmf-dist/tex/latex/titling/titling.sty
Package: titling 2009/09/04 v2.1d maketitle typesetting
\thanksmarkwidth=\skip49
\thanksmargin=\skip50
\droptitle=\skip51
)
(/usr/local/texlive/2020/texmf-dist/tex/latex/float/float.sty
Package: float 2001/11/08 v1.3d Float enhancements (AL)
\c@float@type=\count193
\float@exts=\toks17
\float@box=\box45
\@float@everytoks=\toks18
\@floatcapt=\box46
)
(/usr/local/texlive/2020/texmf-dist/tex/latex/pgf/frontendlayer/tikz.sty
(/usr/local/texlive/2020/texmf-dist/tex/latex/pgf/basiclayer/pgf.sty
(/usr/local/texlive/2020/texmf-dist/tex/latex/pgf/utilities/pgfrcs.sty
(/usr/local/texlive/2020/texmf-dist/tex/generic/pgf/utilities/pgfutil-common.te
x
\pgfutil@everybye=\toks19
\pgfutil@tempdima=\dimen135
\pgfutil@tempdimb=\dimen136

(/usr/local/texlive/2020/texmf-dist/tex/generic/pgf/utilities/pgfutil-common-li
sts.tex))
(/usr/local/texlive/2020/texmf-dist/tex/generic/pgf/utilities/pgfutil-latex.def
\pgfutil@abb=\box47
(/usr/local/texlive/2020/texmf-dist/tex/latex/ms/everyshi.sty
Package: everyshi 2001/05/15 v3.00 EveryShipout Package (MS)
))
(/usr/local/texlive/2020/texmf-dist/tex/generic/pgf/utilities/pgfrcs.code.tex
(/usr/local/texlive/2020/texmf-dist/tex/generic/pgf/pgf.revision.tex)
Package: pgfrcs 2020/01/08 v3.1.5b (3.1.5b)
))
Package: pgf 2020/01/08 v3.1.5b (3.1.5b)

(/usr/local/texlive/2020/texmf-dist/tex/latex/pgf/basiclayer/pgfcore.sty
(/usr/local/texlive/2020/texmf-dist/tex/latex/graphics/graphicx.sty
Package: graphicx 2019/11/30 v1.2a Enhanced LaTeX Graphics (DPC,SPQR)

(/usr/local/texlive/2020/texmf-dist/tex/latex/graphics/keyval.sty
Package: keyval 2014/10/28 v1.15 key=value parser (DPC)
\KV@toks@=\toks20
)
(/usr/local/texlive/2020/texmf-dist/tex/latex/graphics/graphics.sty
Package: graphics 2019/11/30 v1.4a Standard LaTeX Graphics (DPC,SPQR)

(/usr/local/texlive/2020/texmf-dist/tex/latex/graphics/trig.sty
Package: trig 2016/01/03 v1.10 sin cos tan (DPC)
)
(/usr/local/texlive/2020/texmf-dist/tex/latex/graphics-cfg/graphics.cfg
File: graphics.cfg 2016/06/04 v1.11 sample graphics configuration
)
Package graphics Info: Driver file: pdftex.def on input line 105.

(/usr/local/texlive/2020/texmf-dist/tex/latex/graphics-def/pdftex.def
File: pdftex.def 2018/01/08 v1.0l Graphics/color driver for pdftex
))
\Gin@req@height=\dimen137
\Gin@req@width=\dimen138
)
(/usr/local/texlive/2020/texmf-dist/tex/latex/pgf/systemlayer/pgfsys.sty
(/usr/local/texlive/2020/texmf-dist/tex/generic/pgf/systemlayer/pgfsys.code.tex
Package: pgfsys 2020/01/08 v3.1.5b (3.1.5b)
(/usr/local/texlive/2020/texmf-dist/tex/generic/pgf/utilities/pgfkeys.code.tex
\pgfkeys@pathtoks=\toks21
\pgfkeys@temptoks=\toks22

(/usr/local/texlive/2020/texmf-dist/tex/generic/pgf/utilities/pgfkeysfiltered.c
ode.tex
\pgfkeys@tmptoks=\toks23
))
\pgf@x=\dimen139
\pgf@y=\dimen140
\pgf@xa=\dimen141
\pgf@ya=\dimen142
\pgf@xb=\dimen143
\pgf@yb=\dimen144
\pgf@xc=\dimen145
\pgf@yc=\dimen146
\pgf@xd=\dimen147
\pgf@yd=\dimen148
\w@pgf@writea=\write3
\r@pgf@reada=\read2
\c@pgf@counta=\count194
\c@pgf@countb=\count195
\c@pgf@countc=\count196
\c@pgf@countd=\count197
\t@pgf@toka=\toks24
\t@pgf@tokb=\toks25
\t@pgf@tokc=\toks26
\pgf@sys@id@count=\count198

(/usr/local/texlive/2020/texmf-dist/tex/generic/pgf/systemlayer/pgf.cfg
File: pgf.cfg 2020/01/08 v3.1.5b (3.1.5b)
)
Driver file for pgf: pgfsys-pdftex.def

(/usr/local/texlive/2020/texmf-dist/tex/generic/pgf/systemlayer/pgfsys-pdftex.d
ef
File: pgfsys-pdftex.def 2020/01/08 v3.1.5b (3.1.5b)

(/usr/local/texlive/2020/texmf-dist/tex/generic/pgf/systemlayer/pgfsys-common-p
df.def
File: pgfsys-common-pdf.def 2020/01/08 v3.1.5b (3.1.5b)
)))
(/usr/local/texlive/2020/texmf-dist/tex/generic/pgf/systemlayer/pgfsyssoftpath.
code.tex
File: pgfsyssoftpath.code.tex 2020/01/08 v3.1.5b (3.1.5b)
\pgfsyssoftpath@smallbuffer@items=\count199
\pgfsyssoftpath@bigbuffer@items=\count266
)
(/usr/local/texlive/2020/texmf-dist/tex/generic/pgf/systemlayer/pgfsysprotocol.
code.tex
File: pgfsysprotocol.code.tex 2020/01/08 v3.1.5b (3.1.5b)
)) (/usr/local/texlive/2020/texmf-dist/tex/latex/xcolor/xcolor.sty
Package: xcolor 2016/05/11 v2.12 LaTeX color extensions (UK)

(/usr/local/texlive/2020/texmf-dist/tex/latex/graphics-cfg/color.cfg
File: color.cfg 2016/01/02 v1.6 sample color configuration
)
Package xcolor Info: Driver file: pdftex.def on input line 225.
Package xcolor Info: Model `cmy' substituted by `cmy0' on input line 1348.
Package xcolor Info: Model `hsb' substituted by `rgb' on input line 1352.
Package xcolor Info: Model `RGB' extended on input line 1364.
Package xcolor Info: Model `HTML' substituted by `rgb' on input line 1366.
Package xcolor Info: Model `Hsb' substituted by `hsb' on input line 1367.
Package xcolor Info: Model `tHsb' substituted by `hsb' on input line 1368.
Package xcolor Info: Model `HSB' substituted by `hsb' on input line 1369.
Package xcolor Info: Model `Gray' substituted by `gray' on input line 1370.
Package xcolor Info: Model `wave' substituted by `hsb' on input line 1371.
)
(/usr/local/texlive/2020/texmf-dist/tex/generic/pgf/basiclayer/pgfcore.code.tex
Package: pgfcore 2020/01/08 v3.1.5b (3.1.5b)
(/usr/local/texlive/2020/texmf-dist/tex/generic/pgf/math/pgfmath.code.tex
(/usr/local/texlive/2020/texmf-dist/tex/generic/pgf/math/pgfmathcalc.code.tex
(/usr/local/texlive/2020/texmf-dist/tex/generic/pgf/math/pgfmathutil.code.tex)
(/usr/local/texlive/2020/texmf-dist/tex/generic/pgf/math/pgfmathparser.code.tex
\pgfmath@dimen=\dimen149
\pgfmath@count=\count267
\pgfmath@box=\box48
\pgfmath@toks=\toks27
\pgfmath@stack@operand=\toks28
\pgfmath@stack@operation=\toks29
)
(/usr/local/texlive/2020/texmf-dist/tex/generic/pgf/math/pgfmathfunctions.code.
tex
(/usr/local/texlive/2020/texmf-dist/tex/generic/pgf/math/pgfmathfunctions.basic
.code.tex)
(/usr/local/texlive/2020/texmf-dist/tex/generic/pgf/math/pgfmathfunctions.trigo
nometric.code.tex)
(/usr/local/texlive/2020/texmf-dist/tex/generic/pgf/math/pgfmathfunctions.rando
m.code.tex)
(/usr/local/texlive/2020/texmf-dist/tex/generic/pgf/math/pgfmathfunctions.compa
rison.code.tex)
(/usr/local/texlive/2020/texmf-dist/tex/generic/pgf/math/pgfmathfunctions.base.
code.tex)
(/usr/local/texlive/2020/texmf-dist/tex/generic/pgf/math/pgfmathfunctions.round
.code.tex)
(/usr/local/texlive/2020/texmf-dist/tex/generic/pgf/math/pgfmathfunctions.misc.
code.tex)
(/usr/local/texlive/2020/texmf-dist/tex/generic/pgf/math/pgfmathfunctions.integ
erarithmetics.code.tex)))
(/usr/local/texlive/2020/texmf-dist/tex/generic/pgf/math/pgfmathfloat.code.tex
\c@pgfmathroundto@lastzeros=\count268
)) (/usr/local/texlive/2020/texmf-dist/tex/generic/pgf/math/pgfint.code.tex)
(/usr/local/texlive/2020/texmf-dist/tex/generic/pgf/basiclayer/pgfcorepoints.co
de.tex
File: pgfcorepoints.code.tex 2020/01/08 v3.1.5b (3.1.5b)
\pgf@picminx=\dimen150
\pgf@picmaxx=\dimen151
\pgf@picminy=\dimen152
\pgf@picmaxy=\dimen153
\pgf@pathminx=\dimen154
\pgf@pathmaxx=\dimen155
\pgf@pathminy=\dimen156
\pgf@pathmaxy=\dimen157
\pgf@xx=\dimen158
\pgf@xy=\dimen159
\pgf@yx=\dimen160
\pgf@yy=\dimen161
\pgf@zx=\dimen162
\pgf@zy=\dimen163
)
(/usr/local/texlive/2020/texmf-dist/tex/generic/pgf/basiclayer/pgfcorepathconst
ruct.code.tex
File: pgfcorepathconstruct.code.tex 2020/01/08 v3.1.5b (3.1.5b)
\pgf@path@lastx=\dimen164
\pgf@path@lasty=\dimen165
)
(/usr/local/texlive/2020/texmf-dist/tex/generic/pgf/basiclayer/pgfcorepathusage
.code.tex
File: pgfcorepathusage.code.tex 2020/01/08 v3.1.5b (3.1.5b)
\pgf@shorten@end@additional=\dimen166
\pgf@shorten@start@additional=\dimen167
)
(/usr/local/texlive/2020/texmf-dist/tex/generic/pgf/basiclayer/pgfcorescopes.co
de.tex
File: pgfcorescopes.code.tex 2020/01/08 v3.1.5b (3.1.5b)
\pgfpic=\box49
\pgf@hbox=\box50
\pgf@layerbox@main=\box51
\pgf@picture@serial@count=\count269
)
(/usr/local/texlive/2020/texmf-dist/tex/generic/pgf/basiclayer/pgfcoregraphicst
ate.code.tex
File: pgfcoregraphicstate.code.tex 2020/01/08 v3.1.5b (3.1.5b)
\pgflinewidth=\dimen168
)
(/usr/local/texlive/2020/texmf-dist/tex/generic/pgf/basiclayer/pgfcoretransform
ations.code.tex
File: pgfcoretransformations.code.tex 2020/01/08 v3.1.5b (3.1.5b)
\pgf@pt@x=\dimen169
\pgf@pt@y=\dimen170
\pgf@pt@temp=\dimen171
)
(/usr/local/texlive/2020/texmf-dist/tex/generic/pgf/basiclayer/pgfcorequick.cod
e.tex
File: pgfcorequick.code.tex 2020/01/08 v3.1.5b (3.1.5b)
)
(/usr/local/texlive/2020/texmf-dist/tex/generic/pgf/basiclayer/pgfcoreobjects.c
ode.tex
File: pgfcoreobjects.code.tex 2020/01/08 v3.1.5b (3.1.5b)
)
(/usr/local/texlive/2020/texmf-dist/tex/generic/pgf/basiclayer/pgfcorepathproce
ssing.code.tex
File: pgfcorepathprocessing.code.tex 2020/01/08 v3.1.5b (3.1.5b)
)
(/usr/local/texlive/2020/texmf-dist/tex/generic/pgf/basiclayer/pgfcorearrows.co
de.tex
File: pgfcorearrows.code.tex 2020/01/08 v3.1.5b (3.1.5b)
\pgfarrowsep=\dimen172
)
(/usr/local/texlive/2020/texmf-dist/tex/generic/pgf/basiclayer/pgfcoreshade.cod
e.tex
File: pgfcoreshade.code.tex 2020/01/08 v3.1.5b (3.1.5b)
\pgf@max=\dimen173
\pgf@sys@shading@range@num=\count270
\pgf@shadingcount=\count271
)
(/usr/local/texlive/2020/texmf-dist/tex/generic/pgf/basiclayer/pgfcoreimage.cod
e.tex
File: pgfcoreimage.code.tex 2020/01/08 v3.1.5b (3.1.5b)

(/usr/local/texlive/2020/texmf-dist/tex/generic/pgf/basiclayer/pgfcoreexternal.
code.tex
File: pgfcoreexternal.code.tex 2020/01/08 v3.1.5b (3.1.5b)
\pgfexternal@startupbox=\box52
))
(/usr/local/texlive/2020/texmf-dist/tex/generic/pgf/basiclayer/pgfcorelayers.co
de.tex
File: pgfcorelayers.code.tex 2020/01/08 v3.1.5b (3.1.5b)
)
(/usr/local/texlive/2020/texmf-dist/tex/generic/pgf/basiclayer/pgfcoretranspare
ncy.code.tex
File: pgfcoretransparency.code.tex 2020/01/08 v3.1.5b (3.1.5b)
)
(/usr/local/texlive/2020/texmf-dist/tex/generic/pgf/basiclayer/pgfcorepatterns.
code.tex
File: pgfcorepatterns.code.tex 2020/01/08 v3.1.5b (3.1.5b)
)
(/usr/local/texlive/2020/texmf-dist/tex/generic/pgf/basiclayer/pgfcorerdf.code.
tex
File: pgfcorerdf.code.tex 2020/01/08 v3.1.5b (3.1.5b)
)))
(/usr/local/texlive/2020/texmf-dist/tex/generic/pgf/modules/pgfmoduleshapes.cod
e.tex
File: pgfmoduleshapes.code.tex 2020/01/08 v3.1.5b (3.1.5b)
\pgfnodeparttextbox=\box53
)
(/usr/local/texlive/2020/texmf-dist/tex/generic/pgf/modules/pgfmoduleplot.code.
tex
File: pgfmoduleplot.code.tex 2020/01/08 v3.1.5b (3.1.5b)
)
(/usr/local/texlive/2020/texmf-dist/tex/latex/pgf/compatibility/pgfcomp-version
-0-65.sty
Package: pgfcomp-version-0-65 2020/01/08 v3.1.5b (3.1.5b)
\pgf@nodesepstart=\dimen174
\pgf@nodesepend=\dimen175
)
(/usr/local/texlive/2020/texmf-dist/tex/latex/pgf/compatibility/pgfcomp-version
-1-18.sty
Package: pgfcomp-version-1-18 2020/01/08 v3.1.5b (3.1.5b)
))
(/usr/local/texlive/2020/texmf-dist/tex/latex/pgf/utilities/pgffor.sty
(/usr/local/texlive/2020/texmf-dist/tex/latex/pgf/utilities/pgfkeys.sty
(/usr/local/texlive/2020/texmf-dist/tex/generic/pgf/utilities/pgfkeys.code.tex)
) (/usr/local/texlive/2020/texmf-dist/tex/latex/pgf/math/pgfmath.sty
(/usr/local/texlive/2020/texmf-dist/tex/generic/pgf/math/pgfmath.code.tex))
(/usr/local/texlive/2020/texmf-dist/tex/generic/pgf/utilities/pgffor.code.tex
Package: pgffor 2020/01/08 v3.1.5b (3.1.5b)

(/usr/local/texlive/2020/texmf-dist/tex/generic/pgf/math/pgfmath.code.tex)
\pgffor@iter=\dimen176
\pgffor@skip=\dimen177
\pgffor@stack=\toks30
\pgffor@toks=\toks31
))
(/usr/local/texlive/2020/texmf-dist/tex/generic/pgf/frontendlayer/tikz/tikz.cod
e.tex
Package: tikz 2020/01/08 v3.1.5b (3.1.5b)

(/usr/local/texlive/2020/texmf-dist/tex/generic/pgf/libraries/pgflibraryplothan
dlers.code.tex
File: pgflibraryplothandlers.code.tex 2020/01/08 v3.1.5b (3.1.5b)
\pgf@plot@mark@count=\count272
\pgfplotmarksize=\dimen178
)
\tikz@lastx=\dimen179
\tikz@lasty=\dimen180
\tikz@lastxsaved=\dimen181
\tikz@lastysaved=\dimen182
\tikz@lastmovetox=\dimen183
\tikz@lastmovetoy=\dimen184
\tikzleveldistance=\dimen185
\tikzsiblingdistance=\dimen186
\tikz@figbox=\box54
\tikz@figbox@bg=\box55
\tikz@tempbox=\box56
\tikz@tempbox@bg=\box57
\tikztreelevel=\count273
\tikznumberofchildren=\count274
\tikznumberofcurrentchild=\count275
\tikz@fig@count=\count276

(/usr/local/texlive/2020/texmf-dist/tex/generic/pgf/modules/pgfmodulematrix.cod
e.tex
File: pgfmodulematrix.code.tex 2020/01/08 v3.1.5b (3.1.5b)
\pgfmatrixcurrentrow=\count277
\pgfmatrixcurrentcolumn=\count278
\pgf@matrix@numberofcolumns=\count279
)
\tikz@expandcount=\count280

(/usr/local/texlive/2020/texmf-dist/tex/generic/pgf/frontendlayer/tikz/librarie
s/tikzlibrarytopaths.code.tex
File: tikzlibrarytopaths.code.tex 2020/01/08 v3.1.5b (3.1.5b)
)))
(/usr/local/texlive/2020/texmf-dist/tex/generic/pgf/frontendlayer/tikz/librarie
s/tikzlibrarycalc.code.tex
File: tikzlibrarycalc.code.tex 2020/01/08 v3.1.5b (3.1.5b)
)
(/usr/local/texlive/2020/texmf-dist/tex/generic/pgf/libraries/pgflibraryarrows.
meta.code.tex
File: pgflibraryarrows.meta.code.tex 2020/01/08 v3.1.5b (3.1.5b)
\pgfarrowinset=\dimen187
\pgfarrowlength=\dimen188
\pgfarrowwidth=\dimen189
\pgfarrowlinewidth=\dimen190
)
(/usr/local/texlive/2020/texmf-dist/tex/latex/l3backend/l3backend-pdfmode.def
File: l3backend-pdfmode.def 2020-03-12 L3 backend support: PDF mode
\l__kernel_color_stack_int=\count281
\l__pdf_internal_box=\box58
)
(./RASD.aux)
\openout1 = `RASD.aux'.

LaTeX Font Info:    Checking defaults for OML/cmm/m/it on input line 25.
LaTeX Font Info:    ... okay on input line 25.
LaTeX Font Info:    Checking defaults for OMS/cmsy/m/n on input line 25.
LaTeX Font Info:    ... okay on input line 25.
LaTeX Font Info:    Checking defaults for OT1/cmr/m/n on input line 25.
LaTeX Font Info:    ... okay on input line 25.
LaTeX Font Info:    Checking defaults for T1/cmr/m/n on input line 25.
LaTeX Font Info:    ... okay on input line 25.
LaTeX Font Info:    Checking defaults for TS1/cmr/m/n on input line 25.
LaTeX Font Info:    ... okay on input line 25.
LaTeX Font Info:    Checking defaults for OMX/cmex/m/n on input line 25.
LaTeX Font Info:    ... okay on input line 25.
LaTeX Font Info:    Checking defaults for U/cmr/m/n on input line 25.
LaTeX Font Info:    ... okay on input line 25.
 ABD: EveryShipout initializing macros
(/usr/local/texlive/2020/texmf-dist/tex/context/base/mkii/supp-pdf.mkii
[Loading MPS to PDF converter (version 2006.09.02).]
\scratchcounter=\count282
\scratchdimen=\dimen191
\scratchbox=\box59
\nofMPsegments=\count283
\nofMParguments=\count284
\everyMPshowfont=\toks32
\MPscratchCnt=\count285
\MPscratchDim=\dimen192
\MPnumerator=\count286
\makeMPintoPDFobject=\count287
\everyMPtoPDFconversion=\toks33
) (/usr/local/texlive/2020/texmf-dist/tex/latex/epstopdf-pkg/epstopdf-base.sty
Package: epstopdf-base 2020-01-24 v2.11 Base part for package epstopdf
Package epstopdf-base Info: Redefining graphics rule for `.eps' on input line 4
85.

(/usr/local/texlive/2020/texmf-dist/tex/latex/latexconfig/epstopdf-sys.cfg
File: epstopdf-sys.cfg 2010/07/13 v1.3 Configuration of (r)epstopdf for TeX Liv
e
))

LaTeX Warning: No positions in optional float specifier.
               Default added (so using `tbp') on input line 29.

<logo_politecnico.png, id=4, 1124.2pt x 211.79124pt>
File: logo_politecnico.png Graphic file (type png)
<use logo_politecnico.png>
Package pdftex.def Info: logo_politecnico.png  used on input line 30.
(pdftex.def)             Requested size: 345.0pt x 64.99535pt.
LaTeX Font Info:    External font `cmex10' loaded for size
(Font)              <12> on input line 33.
LaTeX Font Info:    External font `cmex10' loaded for size
(Font)              <8> on input line 33.
LaTeX Font Info:    External font `cmex10' loaded for size
(Font)              <6> on input line 33.
(./RASD.toc
LaTeX Font Info:    External font `cmex10' loaded for size
(Font)              <7> on input line 2.
LaTeX Font Info:    External font `cmex10' loaded for size
(Font)              <5> on input line 2.
 [1

{/usr/local/texlive/2020/texmf-var/fonts/map/pdftex/updmap/pdftex.map} <./logo_
politecnico.png>])
\tf@toc=\write4
\openout4 = `RASD.toc'.

 [2]
Underfull \hbox (badness 10000) in paragraph at lines 41--44

 []


Underfull \hbox (badness 10000) in paragraph at lines 47--50

 []

[3]
<WorldPhenomena.png, id=24, 638.385pt x 179.67125pt>
File: WorldPhenomena.png Graphic file (type png)
<use WorldPhenomena.png>
Package pdftex.def Info: WorldPhenomena.png  used on input line 59.
(pdftex.def)             Requested size: 345.0pt x 97.09778pt.
<SharedPhenomena.png, id=25, 638.385pt x 424.58624pt>
File: SharedPhenomena.png Graphic file (type png)
<use SharedPhenomena.png>
Package pdftex.def Info: SharedPhenomena.png  used on input line 66.
(pdftex.def)             Requested size: 345.0pt x 229.45456pt.
<Goals.png, id=26, 699.61375pt x 235.88126pt>
File: Goals.png Graphic file (type png)
<use Goals.png>
Package pdftex.def Info: Goals.png  used on input line 73.
(pdftex.def)             Requested size: 345.0pt x 116.32066pt.
 [4 <./WorldPhenomena.png> <./SharedPhenomena.png>] [5 <./Goals.png>]
<class_diagram.png, id=36, 1188.44pt x 827.09pt>
File: class_diagram.png Graphic file (type png)
<use class_diagram.png>
Package pdftex.def Info: class_diagram.png  used on input line 118.
(pdftex.def)             Requested size: 345.0pt x 240.10236pt.

Underfull \hbox (badness 10000) in paragraph at lines 116--120

 []


Underfull \hbox (badness 10000) in paragraph at lines 116--120

 []


Underfull \hbox (badness 10000) in paragraph at lines 116--120

 []


Underfull \hbox (badness 10000) in paragraph at lines 116--120

 []

[6] [7 <./class_diagram.png>]
<Customer_state.png, id=45, 984.67876pt x 472.76625pt>
File: Customer_state.png Graphic file (type png)
<use Customer_state.png>
Package pdftex.def Info: Customer_state.png  used on input line 130.
(pdftex.def)             Requested size: 345.0pt x 165.6438pt.
<Reservation_state.png, id=46, 1004.75375pt x 221.82875pt>
File: Reservation_state.png Graphic file (type png)
<use Reservation_state.png>
Package pdftex.def Info: Reservation_state.png  used on input line 139.
(pdftex.def)             Requested size: 345.0pt x 76.16881pt.

Underfull \hbox (badness 10000) in paragraph at lines 144--145

 []


Underfull \hbox (badness 10000) in paragraph at lines 144--145

 []


Underfull \hbox (badness 10000) in paragraph at lines 144--145

 []

<Turnstiles_state.png, id=47, 405.515pt x 312.16624pt>
File: Turnstiles_state.png Graphic file (type png)
<use Turnstiles_state.png>
Package pdftex.def Info: Turnstiles_state.png  used on input line 148.
(pdftex.def)             Requested size: 170.71652pt x 131.41853pt.
[8 <./Customer_state.png> <./Reservation_state.png>] [9 <./Turnstiles_state.png
>] [10]
<Domains.png, id=60, 638.385pt x 519.9425pt>
File: Domains.png Graphic file (type png)
<use Domains.png>
Package pdftex.def Info: Domains.png  used on input line 181.
(pdftex.def)             Requested size: 345.0pt x 280.98691pt.
 [11] [12 <./Domains.png>]
<Requirements1.png, id=68, 541.02126pt x 767.86874pt>
File: Requirements1.png Graphic file (type png)
<use Requirements1.png>
Package pdftex.def Info: Requirements1.png  used on input line 207.
(pdftex.def)             Requested size: 345.0pt x 489.6651pt.
<Requirements2.png, id=69, 541.02126pt x 481.8pt>
File: Requirements2.png Graphic file (type png)
<use Requirements2.png>
Package pdftex.def Info: Requirements2.png  used on input line 211.
(pdftex.def)             Requested size: 345.0pt x 307.24083pt.
 [13] [14 <./Requirements1.png>]
<Mapping1.png, id=78, 638.385pt x 547.04375pt>
File: Mapping1.png Graphic file (type png)
<use Mapping1.png>
Package pdftex.def Info: Mapping1.png  used on input line 219.
(pdftex.def)             Requested size: 345.0pt x 295.63293pt.
 [15 <./Requirements2.png>]
<Mapping2.png, id=83, 638.385pt x 638.385pt>
File: Mapping2.png Graphic file (type png)
<use Mapping2.png>
Package pdftex.def Info: Mapping2.png  used on input line 224.
(pdftex.def)             Requested size: 345.0pt x 344.9955pt.
 [16 <./Mapping1.png>]
<Mapping3.png, id=88, 638.385pt x 636.3775pt>
File: Mapping3.png Graphic file (type png)
<use Mapping3.png>
Package pdftex.def Info: Mapping3.png  used on input line 229.
(pdftex.def)             Requested size: 345.0pt x 343.91061pt.
 [17 <./Mapping2.png>]
<Mapping4.png, id=93, 638.385pt x 450.68375pt>
File: Mapping4.png Graphic file (type png)
<use Mapping4.png>
Package pdftex.def Info: Mapping4.png  used on input line 234.
(pdftex.def)             Requested size: 345.0pt x 243.55814pt.
 [18 <./Mapping3.png>]
<Mapping5.png, id=98, 638.385pt x 665.48625pt>
File: Mapping5.png Graphic file (type png)
<use Mapping5.png>
Package pdftex.def Info: Mapping5.png  used on input line 239.
(pdftex.def)             Requested size: 345.0pt x 359.64154pt.
[19 <./Mapping4.png>]
<Mapping6.png, id=104, 638.385pt x 584.1825pt>
File: Mapping6.png Graphic file (type png)
<use Mapping6.png>
Package pdftex.def Info: Mapping6.png  used on input line 244.
(pdftex.def)             Requested size: 345.0pt x 315.70343pt.
 [20 <./Mapping5.png>]
Underfull \hbox (badness 10000) in paragraph at lines 251--268

 []

[21 <./Mapping6.png>] [22]
<LoginUseCase.png, id=116, 611.28375pt x 351.3125pt>
File: LoginUseCase.png Graphic file (type png)
<use LoginUseCase.png>
Package pdftex.def Info: LoginUseCase.png  used on input line 273.
(pdftex.def)             Requested size: 345.0pt x 198.27214pt.
<SignUpUseCase.png, id=117, 611.28375pt x 502.87875pt>
File: SignUpUseCase.png Graphic file (type png)
<use SignUpUseCase.png>
Package pdftex.def Info: SignUpUseCase.png  used on input line 278.
(pdftex.def)             Requested size: 345.0pt x 283.81241pt.
 [23 <./LoginUseCase.png>]
<RegistrationStoreUseCase.png, id=122, 611.28375pt x 570.13pt>
File: RegistrationStoreUseCase.png Graphic file (type png)
<use RegistrationStoreUseCase.png>
Package pdftex.def Info: RegistrationStoreUseCase.png  used on input line 283.
(pdftex.def)             Requested size: 345.0pt x 321.76738pt.
 [24 <./SignUpUseCase.png>]
<LineUpUseCase.png, id=127, 611.28375pt x 604.2575pt>
File: LineUpUseCase.png Graphic file (type png)
<use LineUpUseCase.png>
Package pdftex.def Info: LineUpUseCase.png  used on input line 288.
(pdftex.def)             Requested size: 345.0pt x 341.02809pt.
[25 <./RegistrationStoreUseCase.png>]
<BookVisitUseCase.png, id=133, 539.01375pt x 470.75874pt>
File: BookVisitUseCase.png Graphic file (type png)
<use BookVisitUseCase.png>
Package pdftex.def Info: BookVisitUseCase.png  used on input line 293.
(pdftex.def)             Requested size: 345.0pt x 301.31331pt.
 [26 <./LineUpUseCase.png>]
<CancelReservationUseCase.png, id=138, 611.28375pt x 293.095pt>
File: CancelReservationUseCase.png Graphic file (type png)
<use CancelReservationUseCase.png>
Package pdftex.def Info: CancelReservationUseCase.png  used on input line 298.
(pdftex.def)             Requested size: 345.0pt x 165.4156pt.
<GetOutLineUseCase.png, id=139, 611.28375pt x 230.8625pt>
File: GetOutLineUseCase.png Graphic file (type png)
<use GetOutLineUseCase.png>
Package pdftex.def Info: GetOutLineUseCase.png  used on input line 303.
(pdftex.def)             Requested size: 345.0pt x 130.2931pt.
 [27 <./BookVisitUseCase.png> <./CancelReservationUseCase.png>]
<PrintTicketUseCase.png, id=145, 611.28375pt x 444.66125pt>
File: PrintTicketUseCase.png Graphic file (type png)
<use PrintTicketUseCase.png>
Package pdftex.def Info: PrintTicketUseCase.png  used on input line 308.
(pdftex.def)             Requested size: 345.0pt x 250.95589pt.
<ReachStoreUseCase.png, id=146, 494.84875pt x 296.10625pt>
File: ReachStoreUseCase.png Graphic file (type png)
<use ReachStoreUseCase.png>
Package pdftex.def Info: ReachStoreUseCase.png  used on input line 313.
(pdftex.def)             Requested size: 345.0pt x 206.4416pt.
 [28 <./GetOutLineUseCase.png> <./PrintTicketUseCase.png>]
<CheckCustomerCounterUseCase.png, id=152, 611.28375pt x 258.9675pt>
File: CheckCustomerCounterUseCase.png Graphic file (type png)
<use CheckCustomerCounterUseCase.png>
Package pdftex.def Info: CheckCustomerCounterUseCase.png  used on input line 31
8.
(pdftex.def)             Requested size: 345.0pt x 146.15488pt.
<LoginSequence.png, id=153, 493.845pt x 375.20175pt>
File: LoginSequence.png Graphic file (type png)
<use LoginSequence.png>
Package pdftex.def Info: LoginSequence.png  used on input line 325.
(pdftex.def)             Requested size: 345.0pt x 262.11272pt.
 [29 <./ReachStoreUseCase.png> <./CheckCustomerCounterUseCase.png>]
<SignUpSequence.png, id=159, 487.8225pt x 314.97675pt>
File: SignUpSequence.png Graphic file (type png)
<use SignUpSequence.png>
Package pdftex.def Info: SignUpSequence.png  used on input line 330.
(pdftex.def)             Requested size: 345.0pt x 222.76033pt.
<RegistrationSequence.png, id=160, 510.708pt x 462.528pt>
File: RegistrationSequence.png Graphic file (type png)
<use RegistrationSequence.png>
Package pdftex.def Info: RegistrationSequence.png  used on input line 335.
(pdftex.def)             Requested size: 345.0pt x 312.4611pt.
 [30 <./LoginSequence.png> <./SignUpSequence.png>]
<LineUpSequence.png, id=166, 460.72125pt x 584.78474pt>
File: LineUpSequence.png Graphic file (type png)
<use LineUpSequence.png>
Package pdftex.def Info: LineUpSequence.png  used on input line 340.
(pdftex.def)             Requested size: 345.0pt x 437.90039pt.
 [31 <./RegistrationSequence.png>]
<BookSequence.png, id=172, 404.712pt x 579.3645pt>
File: BookSequence.png Graphic file (type png)
<use BookSequence.png>
Package pdftex.def Info: BookSequence.png  used on input line 345.
(pdftex.def)             Requested size: 345.0pt x 493.91197pt.
 [32 <./LineUpSequence.png>]
<CancelReservationSequence.png, id=177, 494.44725pt x 372.1905pt>
File: CancelReservationSequence.png Graphic file (type png)
<use CancelReservationSequence.png>
Package pdftex.def Info: CancelReservationSequence.png  used on input line 350.

(pdftex.def)             Requested size: 345.0pt x 259.69673pt.
 [33 <./BookSequence.png>]
<OutOfLineSequence.png, id=182, 547.44525pt x 340.8735pt>
File: OutOfLineSequence.png Graphic file (type png)
<use OutOfLineSequence.png>
Package pdftex.def Info: OutOfLineSequence.png  used on input line 355.
(pdftex.def)             Requested size: 345.0pt x 214.81905pt.
<PrintTicketSequence.png, id=183, 499.26524pt x 320.99925pt>
File: PrintTicketSequence.png Graphic file (type png)
<use PrintTicketSequence.png>
Package pdftex.def Info: PrintTicketSequence.png  used on input line 360.
(pdftex.def)             Requested size: 345.0pt x 221.81789pt.

[34 <./CancelReservationSequence.png> <./OutOfLineSequence.png>]
<ReachStoreSequence.png, id=189, 684.75826pt x 564.30824pt>
File: ReachStoreSequence.png Graphic file (type png)
<use ReachStoreSequence.png>
Package pdftex.def Info: ReachStoreSequence.png  used on input line 365.
(pdftex.def)             Requested size: 345.0pt x 284.3147pt.
 [35 <./PrintTicketSequence.png> <./ReachStoreSequence.png>] [36] (./RASD.aux) 
) 
Here is how much of TeX's memory you used:
 12571 strings out of 480608
 258050 string characters out of 5903629
 474240 words of memory out of 5000000
 28206 multiletter control sequences out of 15000+600000
 540464 words of font info for 40 fonts, out of 8000000 for 9000
 1141 hyphenation exceptions out of 8191
 60i,7n,65p,1489b,240s stack positions out of 5000i,500n,10000p,200000b,80000s
{/usr/local/texlive/2020/texmf-dist/fonts/enc/dvips/cm-super/cm-super-t1.enc}<
/usr/local/texlive/2020/texmf-dist/fonts/type1/public/cm-super/sfbx1000.pfb></u
sr/local/texlive/2020/texmf-dist/fonts/type1/public/cm-super/sfbx1200.pfb></usr
/local/texlive/2020/texmf-dist/fonts/type1/public/cm-super/sfbx1440.pfb></usr/l
ocal/texlive/2020/texmf-dist/fonts/type1/public/cm-super/sfrm1000.pfb></usr/loc
al/texlive/2020/texmf-dist/fonts/type1/public/cm-super/sfrm1200.pfb></usr/local
/texlive/2020/texmf-dist/fonts/type1/public/cm-super/sfrm1728.pfb>
Output written on RASD.pdf (36 pages, 5925701 bytes).
PDF statistics:
 221 PDF objects out of 1000 (max. 8388607)
 103 compressed objects within 2 object streams
 0 named destinations out of 1000 (max. 500000)
 193 words of extra memory for PDF output out of 10000 (max. 10000000)

